<?xml version="1.0" encoding="UTF-8"?>
<coverage generated="1709802641790" clover="3.2.0">
  <project timestamp="1709802641790" name="All files">
    <metrics statements="116" coveredstatements="105" conditionals="40" coveredconditionals="36" methods="12" coveredmethods="10" elements="168" coveredelements="151" complexity="0" loc="116" ncloc="116" packages="2" files="4" classes="4"/>
    <package name="src">
      <metrics statements="12" coveredstatements="1" conditionals="4" coveredconditionals="0" methods="3" coveredmethods="1"/>
      <file name="App.js" path="/home/kespute/Documents/turbo-guacamole/jest-form/src/App.js">
        <metrics statements="1" coveredstatements="1" conditionals="0" coveredconditionals="0" methods="1" coveredmethods="1"/>
        <line num="5" count="36" type="stmt"/>
      </file>
      <file name="index.js" path="/home/kespute/Documents/turbo-guacamole/jest-form/src/index.js">
        <metrics statements="3" coveredstatements="0" conditionals="0" coveredconditionals="0" methods="0" coveredmethods="0"/>
        <line num="7" count="0" type="stmt"/>
        <line num="8" count="0" type="stmt"/>
        <line num="17" count="0" type="stmt"/>
      </file>
      <file name="reportWebVitals.js" path="/home/kespute/Documents/turbo-guacamole/jest-form/src/reportWebVitals.js">
        <metrics statements="8" coveredstatements="0" conditionals="4" coveredconditionals="0" methods="2" coveredmethods="0"/>
        <line num="1" count="0" type="stmt"/>
        <line num="2" count="0" type="cond" truecount="0" falsecount="4"/>
        <line num="3" count="0" type="stmt"/>
        <line num="4" count="0" type="stmt"/>
        <line num="5" count="0" type="stmt"/>
        <line num="6" count="0" type="stmt"/>
        <line num="7" count="0" type="stmt"/>
        <line num="8" count="0" type="stmt"/>
      </file>
    </package>
    <package name="src.components.Form">
      <metrics statements="104" coveredstatements="104" conditionals="36" coveredconditionals="36" methods="9" coveredmethods="9"/>
      <file name="Form.js" path="/home/kespute/Documents/turbo-guacamole/jest-form/src/components/Form/Form.js">
        <metrics statements="104" coveredstatements="104" conditionals="36" coveredconditionals="36" methods="9" coveredmethods="9"/>
        <line num="4" count="1" type="stmt"/>
        <line num="5" count="184" type="stmt"/>
        <line num="6" count="184" type="stmt"/>
        <line num="7" count="184" type="stmt"/>
        <line num="8" count="184" type="stmt"/>
        <line num="9" count="184" type="stmt"/>
        <line num="10" count="184" type="stmt"/>
        <line num="12" count="184" type="stmt"/>
        <line num="13" count="184" type="stmt"/>
        <line num="14" count="184" type="stmt"/>
        <line num="15" count="184" type="stmt"/>
        <line num="16" count="184" type="stmt"/>
        <line num="17" count="184" type="stmt"/>
        <line num="19" count="184" type="stmt"/>
        <line num="26" count="184" type="stmt"/>
        <line num="27" count="25" type="stmt"/>
        <line num="29" count="25" type="stmt"/>
        <line num="31" count="25" type="stmt"/>
        <line num="33" count="25" type="cond" truecount="2" falsecount="0"/>
        <line num="34" count="5" type="stmt"/>
        <line num="36" count="20" type="stmt"/>
        <line num="39" count="25" type="stmt"/>
        <line num="41" count="25" type="stmt"/>
        <line num="49" count="184" type="stmt"/>
        <line num="50" count="24" type="stmt"/>
        <line num="52" count="24" type="stmt"/>
        <line num="54" count="24" type="stmt"/>
        <line num="56" count="24" type="cond" truecount="2" falsecount="0"/>
        <line num="57" count="4" type="stmt"/>
        <line num="59" count="20" type="stmt"/>
        <line num="62" count="24" type="stmt"/>
        <line num="64" count="24" type="stmt"/>
        <line num="72" count="184" type="stmt"/>
        <line num="73" count="24" type="stmt"/>
        <line num="75" count="24" type="stmt"/>
        <line num="77" count="24" type="stmt"/>
        <line num="79" count="24" type="cond" truecount="2" falsecount="0"/>
        <line num="80" count="4" type="stmt"/>
        <line num="82" count="20" type="stmt"/>
        <line num="85" count="24" type="stmt"/>
        <line num="87" count="24" type="stmt"/>
        <line num="95" count="184" type="stmt"/>
        <line num="96" count="22" type="stmt"/>
        <line num="98" count="22" type="stmt"/>
        <line num="99" count="22" type="stmt"/>
        <line num="100" count="22" type="stmt"/>
        <line num="102" count="22" type="stmt"/>
        <line num="104" count="22" type="cond" truecount="2" falsecount="0"/>
        <line num="105" count="1" type="stmt"/>
        <line num="107" count="21" type="stmt"/>
        <line num="110" count="22" type="stmt"/>
        <line num="112" count="22" type="stmt"/>
        <line num="120" count="184" type="stmt"/>
        <line num="121" count="24" type="stmt"/>
        <line num="123" count="24" type="stmt"/>
        <line num="125" count="24" type="stmt"/>
        <line num="127" count="24" type="cond" truecount="2" falsecount="0"/>
        <line num="128" count="4" type="stmt"/>
        <line num="130" count="20" type="stmt"/>
        <line num="133" count="24" type="stmt"/>
        <line num="135" count="24" type="stmt"/>
        <line num="143" count="184" type="stmt"/>
        <line num="144" count="25" type="stmt"/>
        <line num="146" count="25" type="cond" truecount="2" falsecount="0"/>
        <line num="148" count="25" type="stmt"/>
        <line num="150" count="25" type="cond" truecount="2" falsecount="0"/>
        <line num="151" count="5" type="stmt"/>
        <line num="153" count="20" type="stmt"/>
        <line num="156" count="25" type="stmt"/>
        <line num="158" count="25" type="stmt"/>
        <line num="166" count="184" type="stmt"/>
        <line num="167" count="148" type="stmt"/>
        <line num="169" count="148" type="stmt"/>
        <line num="170" count="148" type="stmt"/>
        <line num="171" count="148" type="stmt"/>
        <line num="172" count="148" type="stmt"/>
        <line num="173" count="148" type="stmt"/>
        <line num="174" count="148" type="stmt"/>
        <line num="175" count="148" type="stmt"/>
        <line num="176" count="148" type="stmt"/>
        <line num="177" count="148" type="cond" truecount="2" falsecount="0"/>
        <line num="189" count="148" type="cond" truecount="6" falsecount="0"/>
        <line num="191" count="148" type="stmt"/>
        <line num="193" count="148" type="stmt"/>
        <line num="201" count="184" type="stmt"/>
        <line num="202" count="4" type="stmt"/>
        <line num="204" count="4" type="stmt"/>
        <line num="207" count="4" type="stmt"/>
        <line num="211" count="4" type="stmt"/>
        <line num="212" count="4" type="stmt"/>
        <line num="213" count="4" type="stmt"/>
        <line num="214" count="4" type="stmt"/>
        <line num="215" count="4" type="stmt"/>
        <line num="216" count="4" type="stmt"/>
        <line num="217" count="4" type="stmt"/>
        <line num="219" count="4" type="stmt"/>
        <line num="220" count="4" type="stmt"/>
        <line num="221" count="4" type="stmt"/>
        <line num="222" count="4" type="stmt"/>
        <line num="223" count="4" type="stmt"/>
        <line num="224" count="4" type="stmt"/>
        <line num="225" count="4" type="stmt"/>
        <line num="227" count="4" type="stmt"/>
        <line num="232" count="184" type="stmt"/>
      </file>
    </package>
  </project>
</coverage>
