{"/home/kespute/Documents/turbo-guacamole/jest-form/src/App.js": {"path":"/home/kespute/Documents/turbo-guacamole/jest-form/src/App.js","statementMap":{"0":{"start":{"line":5,"column":2},"end":{"line":10,"column":4}}},"fnMap":{"0":{"name":"App","decl":{"start":{"line":4,"column":9},"end":{"line":4,"column":12}},"loc":{"start":{"line":4,"column":15},"end":{"line":11,"column":1}},"line":4}},"branchMap":{},"s":{"0":36},"f":{"0":36},"b":{},"_coverageSchema":"1a1c01bbd47fc00a2c39e90264f33305004495a9","hash":"91c26b3528ab1a16a769562fbbb99736db920a27"}
,"/home/kespute/Documents/turbo-guacamole/jest-form/src/index.js": {"path":"/home/kespute/Documents/turbo-guacamole/jest-form/src/index.js","statementMap":{"0":{"start":{"line":7,"column":13},"end":{"line":7,"column":65}},"1":{"start":{"line":8,"column":0},"end":{"line":12,"column":2}},"2":{"start":{"line":17,"column":0},"end":{"line":17,"column":18}}},"fnMap":{},"branchMap":{},"s":{"0":0,"1":0,"2":0},"f":{},"b":{}}
,"/home/kespute/Documents/turbo-guacamole/jest-form/src/reportWebVitals.js": {"path":"/home/kespute/Documents/turbo-guacamole/jest-form/src/reportWebVitals.js","statementMap":{"0":{"start":{"line":1,"column":24},"end":{"line":11,"column":1}},"1":{"start":{"line":2,"column":2},"end":{"line":10,"column":3}},"2":{"start":{"line":3,"column":4},"end":{"line":9,"column":7}},"3":{"start":{"line":4,"column":6},"end":{"line":4,"column":26}},"4":{"start":{"line":5,"column":6},"end":{"line":5,"column":26}},"5":{"start":{"line":6,"column":6},"end":{"line":6,"column":26}},"6":{"start":{"line":7,"column":6},"end":{"line":7,"column":26}},"7":{"start":{"line":8,"column":6},"end":{"line":8,"column":27}}},"fnMap":{"0":{"name":"(anonymous_0)","decl":{"start":{"line":1,"column":24},"end":{"line":1,"column":25}},"loc":{"start":{"line":1,"column":39},"end":{"line":11,"column":1}},"line":1},"1":{"name":"(anonymous_1)","decl":{"start":{"line":3,"column":30},"end":{"line":3,"column":31}},"loc":{"start":{"line":3,"column":79},"end":{"line":9,"column":5}},"line":3}},"branchMap":{"0":{"loc":{"start":{"line":2,"column":2},"end":{"line":10,"column":3}},"type":"if","locations":[{"start":{"line":2,"column":2},"end":{"line":10,"column":3}},{"start":{},"end":{}}],"line":2},"1":{"loc":{"start":{"line":2,"column":6},"end":{"line":2,"column":52}},"type":"binary-expr","locations":[{"start":{"line":2,"column":6},"end":{"line":2,"column":17}},{"start":{"line":2,"column":21},"end":{"line":2,"column":52}}],"line":2}},"s":{"0":0,"1":0,"2":0,"3":0,"4":0,"5":0,"6":0,"7":0},"f":{"0":0,"1":0},"b":{"0":[0,0],"1":[0,0]}}
,"/home/kespute/Documents/turbo-guacamole/jest-form/src/components/Form/Form.js": {"path":"/home/kespute/Documents/turbo-guacamole/jest-form/src/components/Form/Form.js","statementMap":{"0":{"start":{"line":4,"column":13},"end":{"line":269,"column":1}},"1":{"start":{"line":5,"column":34},"end":{"line":5,"column":46}},"2":{"start":{"line":6,"column":36},"end":{"line":6,"column":48}},"3":{"start":{"line":7,"column":28},"end":{"line":7,"column":40}},"4":{"start":{"line":8,"column":36},"end":{"line":8,"column":48}},"5":{"start":{"line":9,"column":26},"end":{"line":9,"column":38}},"6":{"start":{"line":10,"column":32},"end":{"line":10,"column":44}},"7":{"start":{"line":12,"column":44},"end":{"line":12,"column":56}},"8":{"start":{"line":13,"column":46},"end":{"line":13,"column":58}},"9":{"start":{"line":14,"column":38},"end":{"line":14,"column":50}},"10":{"start":{"line":15,"column":46},"end":{"line":15,"column":58}},"11":{"start":{"line":16,"column":36},"end":{"line":16,"column":48}},"12":{"start":{"line":17,"column":42},"end":{"line":17,"column":54}},"13":{"start":{"line":19,"column":40},"end":{"line":19,"column":55}},"14":{"start":{"line":26,"column":31},"end":{"line":42,"column":3}},"15":{"start":{"line":27,"column":24},"end":{"line":27,"column":38}},"16":{"start":{"line":29,"column":28},"end":{"line":29,"column":69}},"17":{"start":{"line":31,"column":4},"end":{"line":31,"column":29}},"18":{"start":{"line":33,"column":4},"end":{"line":37,"column":5}},"19":{"start":{"line":34,"column":8},"end":{"line":34,"column":54}},"20":{"start":{"line":36,"column":8},"end":{"line":36,"column":29}},"21":{"start":{"line":39,"column":15},"end":{"line":39,"column":85}},"22":{"start":{"line":41,"column":4},"end":{"line":41,"column":23}},"23":{"start":{"line":49,"column":32},"end":{"line":65,"column":3}},"24":{"start":{"line":50,"column":25},"end":{"line":50,"column":39}},"25":{"start":{"line":52,"column":29},"end":{"line":52,"column":71}},"26":{"start":{"line":54,"column":4},"end":{"line":54,"column":31}},"27":{"start":{"line":56,"column":4},"end":{"line":60,"column":5}},"28":{"start":{"line":57,"column":8},"end":{"line":57,"column":47}},"29":{"start":{"line":59,"column":8},"end":{"line":59,"column":30}},"30":{"start":{"line":62,"column":15},"end":{"line":62,"column":85}},"31":{"start":{"line":64,"column":4},"end":{"line":64,"column":23}},"32":{"start":{"line":72,"column":28},"end":{"line":88,"column":3}},"33":{"start":{"line":73,"column":21},"end":{"line":73,"column":35}},"34":{"start":{"line":75,"column":25},"end":{"line":75,"column":68}},"35":{"start":{"line":77,"column":4},"end":{"line":77,"column":23}},"36":{"start":{"line":79,"column":4},"end":{"line":83,"column":5}},"37":{"start":{"line":80,"column":6},"end":{"line":80,"column":49}},"38":{"start":{"line":82,"column":6},"end":{"line":82,"column":24}},"39":{"start":{"line":85,"column":15},"end":{"line":85,"column":79}},"40":{"start":{"line":87,"column":4},"end":{"line":87,"column":23}},"41":{"start":{"line":95,"column":32},"end":{"line":113,"column":3}},"42":{"start":{"line":96,"column":25},"end":{"line":96,"column":39}},"43":{"start":{"line":98,"column":18},"end":{"line":98,"column":28}},"44":{"start":{"line":99,"column":22},"end":{"line":99,"column":44}},"45":{"start":{"line":100,"column":16},"end":{"line":100,"column":61}},"46":{"start":{"line":102,"column":4},"end":{"line":102,"column":31}},"47":{"start":{"line":104,"column":4},"end":{"line":108,"column":5}},"48":{"start":{"line":105,"column":6},"end":{"line":105,"column":63}},"49":{"start":{"line":107,"column":6},"end":{"line":107,"column":28}},"50":{"start":{"line":110,"column":15},"end":{"line":110,"column":83}},"51":{"start":{"line":112,"column":4},"end":{"line":112,"column":23}},"52":{"start":{"line":120,"column":27},"end":{"line":136,"column":3}},"53":{"start":{"line":121,"column":20},"end":{"line":121,"column":34}},"54":{"start":{"line":123,"column":24},"end":{"line":123,"column":61}},"55":{"start":{"line":125,"column":4},"end":{"line":125,"column":21}},"56":{"start":{"line":127,"column":4},"end":{"line":131,"column":5}},"57":{"start":{"line":128,"column":8},"end":{"line":128,"column":41}},"58":{"start":{"line":130,"column":8},"end":{"line":130,"column":25}},"59":{"start":{"line":133,"column":15},"end":{"line":133,"column":85}},"60":{"start":{"line":135,"column":4},"end":{"line":135,"column":23}},"61":{"start":{"line":143,"column":30},"end":{"line":159,"column":3}},"62":{"start":{"line":144,"column":23},"end":{"line":144,"column":37}},"63":{"start":{"line":146,"column":27},"end":{"line":146,"column":80}},"64":{"start":{"line":148,"column":4},"end":{"line":148,"column":27}},"65":{"start":{"line":150,"column":4},"end":{"line":154,"column":5}},"66":{"start":{"line":151,"column":6},"end":{"line":151,"column":73}},"67":{"start":{"line":153,"column":6},"end":{"line":153,"column":26}},"68":{"start":{"line":156,"column":15},"end":{"line":156,"column":81}},"69":{"start":{"line":158,"column":4},"end":{"line":158,"column":23}},"70":{"start":{"line":166,"column":23},"end":{"line":194,"column":3}},"71":{"start":{"line":167,"column":65},"end":{"line":167,"column":69}},"72":{"start":{"line":169,"column":28},"end":{"line":169,"column":66}},"73":{"start":{"line":170,"column":29},"end":{"line":170,"column":68}},"74":{"start":{"line":171,"column":25},"end":{"line":171,"column":65}},"75":{"start":{"line":172,"column":18},"end":{"line":172,"column":28}},"76":{"start":{"line":173,"column":22},"end":{"line":173,"column":41}},"77":{"start":{"line":174,"column":16},"end":{"line":174,"column":61}},"78":{"start":{"line":175,"column":29},"end":{"line":175,"column":38}},"79":{"start":{"line":176,"column":24},"end":{"line":176,"column":58}},"80":{"start":{"line":177,"column":27},"end":{"line":177,"column":74}},"81":{"start":{"line":189,"column":6},"end":{"line":189,"column":110}},"82":{"start":{"line":191,"column":4},"end":{"line":191,"column":32}},"83":{"start":{"line":193,"column":4},"end":{"line":193,"column":23}},"84":{"start":{"line":201,"column":23},"end":{"line":230,"column":3}},"85":{"start":{"line":202,"column":4},"end":{"line":202,"column":23}},"86":{"start":{"line":204,"column":15},"end":{"line":204,"column":69}},"87":{"start":{"line":207,"column":4},"end":{"line":207,"column":23}},"88":{"start":{"line":211,"column":4},"end":{"line":211,"column":55}},"89":{"start":{"line":212,"column":4},"end":{"line":212,"column":57}},"90":{"start":{"line":213,"column":4},"end":{"line":213,"column":49}},"91":{"start":{"line":214,"column":4},"end":{"line":214,"column":57}},"92":{"start":{"line":215,"column":4},"end":{"line":215,"column":47}},"93":{"start":{"line":216,"column":4},"end":{"line":216,"column":53}},"94":{"start":{"line":217,"column":4},"end":{"line":217,"column":90}},"95":{"start":{"line":219,"column":4},"end":{"line":219,"column":20}},"96":{"start":{"line":220,"column":4},"end":{"line":220,"column":21}},"97":{"start":{"line":221,"column":4},"end":{"line":221,"column":17}},"98":{"start":{"line":222,"column":4},"end":{"line":222,"column":21}},"99":{"start":{"line":223,"column":4},"end":{"line":223,"column":16}},"100":{"start":{"line":224,"column":4},"end":{"line":224,"column":19}},"101":{"start":{"line":225,"column":4},"end":{"line":225,"column":26}},"102":{"start":{"line":227,"column":4},"end":{"line":227,"column":59}},"103":{"start":{"line":232,"column":2},"end":{"line":268,"column":4}}},"fnMap":{"0":{"name":"(anonymous_0)","decl":{"start":{"line":4,"column":13},"end":{"line":4,"column":14}},"loc":{"start":{"line":4,"column":19},"end":{"line":269,"column":1}},"line":4},"1":{"name":"(anonymous_1)","decl":{"start":{"line":26,"column":31},"end":{"line":26,"column":32}},"loc":{"start":{"line":26,"column":38},"end":{"line":42,"column":3}},"line":26},"2":{"name":"(anonymous_2)","decl":{"start":{"line":49,"column":32},"end":{"line":49,"column":33}},"loc":{"start":{"line":49,"column":39},"end":{"line":65,"column":3}},"line":49},"3":{"name":"(anonymous_3)","decl":{"start":{"line":72,"column":28},"end":{"line":72,"column":29}},"loc":{"start":{"line":72,"column":35},"end":{"line":88,"column":3}},"line":72},"4":{"name":"(anonymous_4)","decl":{"start":{"line":95,"column":32},"end":{"line":95,"column":33}},"loc":{"start":{"line":95,"column":39},"end":{"line":113,"column":3}},"line":95},"5":{"name":"(anonymous_5)","decl":{"start":{"line":120,"column":27},"end":{"line":120,"column":28}},"loc":{"start":{"line":120,"column":34},"end":{"line":136,"column":3}},"line":120},"6":{"name":"(anonymous_6)","decl":{"start":{"line":143,"column":30},"end":{"line":143,"column":31}},"loc":{"start":{"line":143,"column":37},"end":{"line":159,"column":3}},"line":143},"7":{"name":"(anonymous_7)","decl":{"start":{"line":166,"column":23},"end":{"line":166,"column":24}},"loc":{"start":{"line":166,"column":33},"end":{"line":194,"column":3}},"line":166},"8":{"name":"(anonymous_8)","decl":{"start":{"line":201,"column":23},"end":{"line":201,"column":24}},"loc":{"start":{"line":201,"column":30},"end":{"line":230,"column":3}},"line":201}},"branchMap":{"0":{"loc":{"start":{"line":33,"column":4},"end":{"line":37,"column":5}},"type":"if","locations":[{"start":{"line":33,"column":4},"end":{"line":37,"column":5}},{"start":{"line":35,"column":11},"end":{"line":37,"column":5}}],"line":33},"1":{"loc":{"start":{"line":56,"column":4},"end":{"line":60,"column":5}},"type":"if","locations":[{"start":{"line":56,"column":4},"end":{"line":60,"column":5}},{"start":{"line":58,"column":11},"end":{"line":60,"column":5}}],"line":56},"2":{"loc":{"start":{"line":79,"column":4},"end":{"line":83,"column":5}},"type":"if","locations":[{"start":{"line":79,"column":4},"end":{"line":83,"column":5}},{"start":{"line":81,"column":11},"end":{"line":83,"column":5}}],"line":79},"3":{"loc":{"start":{"line":104,"column":4},"end":{"line":108,"column":5}},"type":"if","locations":[{"start":{"line":104,"column":4},"end":{"line":108,"column":5}},{"start":{"line":106,"column":11},"end":{"line":108,"column":5}}],"line":104},"4":{"loc":{"start":{"line":127,"column":4},"end":{"line":131,"column":5}},"type":"if","locations":[{"start":{"line":127,"column":4},"end":{"line":131,"column":5}},{"start":{"line":129,"column":11},"end":{"line":131,"column":5}}],"line":127},"5":{"loc":{"start":{"line":146,"column":27},"end":{"line":146,"column":80}},"type":"binary-expr","locations":[{"start":{"line":146,"column":27},"end":{"line":146,"column":53}},{"start":{"line":146,"column":57},"end":{"line":146,"column":80}}],"line":146},"6":{"loc":{"start":{"line":150,"column":4},"end":{"line":154,"column":5}},"type":"if","locations":[{"start":{"line":150,"column":4},"end":{"line":154,"column":5}},{"start":{"line":152,"column":11},"end":{"line":154,"column":5}}],"line":150},"7":{"loc":{"start":{"line":177,"column":27},"end":{"line":177,"column":74}},"type":"binary-expr","locations":[{"start":{"line":177,"column":27},"end":{"line":177,"column":50}},{"start":{"line":177,"column":54},"end":{"line":177,"column":74}}],"line":177},"8":{"loc":{"start":{"line":189,"column":6},"end":{"line":189,"column":110}},"type":"binary-expr","locations":[{"start":{"line":189,"column":6},"end":{"line":189,"column":18}},{"start":{"line":189,"column":22},"end":{"line":189,"column":38}},{"start":{"line":189,"column":42},"end":{"line":189,"column":56}},{"start":{"line":189,"column":60},"end":{"line":189,"column":75}},{"start":{"line":189,"column":79},"end":{"line":189,"column":95}},{"start":{"line":189,"column":99},"end":{"line":189,"column":110}}],"line":189},"9":{"loc":{"start":{"line":237,"column":9},"end":{"line":237,"column":108}},"type":"binary-expr","locations":[{"start":{"line":237,"column":9},"end":{"line":237,"column":22}},{"start":{"line":237,"column":26},"end":{"line":237,"column":108}}],"line":237},"10":{"loc":{"start":{"line":242,"column":9},"end":{"line":242,"column":111}},"type":"binary-expr","locations":[{"start":{"line":242,"column":9},"end":{"line":242,"column":23}},{"start":{"line":242,"column":27},"end":{"line":242,"column":111}}],"line":242},"11":{"loc":{"start":{"line":247,"column":9},"end":{"line":247,"column":99}},"type":"binary-expr","locations":[{"start":{"line":247,"column":9},"end":{"line":247,"column":19}},{"start":{"line":247,"column":23},"end":{"line":247,"column":99}}],"line":247},"12":{"loc":{"start":{"line":252,"column":9},"end":{"line":252,"column":111}},"type":"binary-expr","locations":[{"start":{"line":252,"column":9},"end":{"line":252,"column":23}},{"start":{"line":252,"column":27},"end":{"line":252,"column":111}}],"line":252},"13":{"loc":{"start":{"line":257,"column":9},"end":{"line":257,"column":96}},"type":"binary-expr","locations":[{"start":{"line":257,"column":9},"end":{"line":257,"column":18}},{"start":{"line":257,"column":22},"end":{"line":257,"column":96}}],"line":257},"14":{"loc":{"start":{"line":262,"column":9},"end":{"line":262,"column":105}},"type":"binary-expr","locations":[{"start":{"line":262,"column":9},"end":{"line":262,"column":21}},{"start":{"line":262,"column":25},"end":{"line":262,"column":105}}],"line":262},"15":{"loc":{"start":{"line":264,"column":65},"end":{"line":264,"column":94}},"type":"cond-expr","locations":[{"start":{"line":264,"column":79},"end":{"line":264,"column":86}},{"start":{"line":264,"column":89},"end":{"line":264,"column":94}}],"line":264}},"s":{"0":1,"1":184,"2":184,"3":184,"4":184,"5":184,"6":184,"7":184,"8":184,"9":184,"10":184,"11":184,"12":184,"13":184,"14":184,"15":25,"16":25,"17":25,"18":25,"19":5,"20":20,"21":25,"22":25,"23":184,"24":24,"25":24,"26":24,"27":24,"28":4,"29":20,"30":24,"31":24,"32":184,"33":24,"34":24,"35":24,"36":24,"37":4,"38":20,"39":24,"40":24,"41":184,"42":22,"43":22,"44":22,"45":22,"46":22,"47":22,"48":1,"49":21,"50":22,"51":22,"52":184,"53":24,"54":24,"55":24,"56":24,"57":4,"58":20,"59":24,"60":24,"61":184,"62":25,"63":25,"64":25,"65":25,"66":5,"67":20,"68":25,"69":25,"70":184,"71":148,"72":148,"73":148,"74":148,"75":148,"76":148,"77":148,"78":148,"79":148,"80":148,"81":148,"82":148,"83":148,"84":184,"85":4,"86":4,"87":4,"88":4,"89":4,"90":4,"91":4,"92":4,"93":4,"94":4,"95":4,"96":4,"97":4,"98":4,"99":4,"100":4,"101":4,"102":4,"103":184},"f":{"0":184,"1":25,"2":24,"3":24,"4":22,"5":24,"6":25,"7":148,"8":4},"b":{"0":[5,20],"1":[4,20],"2":[4,20],"3":[1,21],"4":[4,20],"5":[25,20],"6":[5,20],"7":[148,35],"8":[148,89,67,29,26,24],"9":[184,5],"10":[184,4],"11":[184,4],"12":[184,1],"13":[184,4],"14":[184,5],"15":[18,166]},"_coverageSchema":"1a1c01bbd47fc00a2c39e90264f33305004495a9","hash":"6f45ae5f92f2c5e98edabe7d3f912beb74fa3dcf"}
}
