TN:
SF:src/App.js
FN:4,App
FNF:1
FNH:1
FNDA:36,App
DA:5,36
LF:1
LH:1
BRF:0
BRH:0
end_of_record
TN:
SF:src/index.js
FNF:0
FNH:0
DA:7,0
DA:8,0
DA:17,0
LF:3
LH:0
BRF:0
BRH:0
end_of_record
TN:
SF:src/reportWebVitals.js
FN:1,(anonymous_0)
FN:3,(anonymous_1)
FNF:2
FNH:0
FNDA:0,(anonymous_0)
FNDA:0,(anonymous_1)
DA:1,0
DA:2,0
DA:3,0
DA:4,0
DA:5,0
DA:6,0
DA:7,0
DA:8,0
LF:8
LH:0
BRDA:2,0,0,0
BRDA:2,0,1,0
BRDA:2,1,0,0
BRDA:2,1,1,0
BRF:4
BRH:0
end_of_record
TN:
SF:src/components/Form/Form.js
FN:4,(anonymous_0)
FN:26,(anonymous_1)
FN:49,(anonymous_2)
FN:72,(anonymous_3)
FN:95,(anonymous_4)
FN:120,(anonymous_5)
FN:143,(anonymous_6)
FN:166,(anonymous_7)
FN:201,(anonymous_8)
FNF:9
FNH:9
FNDA:184,(anonymous_0)
FNDA:25,(anonymous_1)
FNDA:24,(anonymous_2)
FNDA:24,(anonymous_3)
FNDA:22,(anonymous_4)
FNDA:24,(anonymous_5)
FNDA:25,(anonymous_6)
FNDA:148,(anonymous_7)
FNDA:4,(anonymous_8)
DA:4,1
DA:5,184
DA:6,184
DA:7,184
DA:8,184
DA:9,184
DA:10,184
DA:12,184
DA:13,184
DA:14,184
DA:15,184
DA:16,184
DA:17,184
DA:19,184
DA:26,184
DA:27,25
DA:29,25
DA:31,25
DA:33,25
DA:34,5
DA:36,20
DA:39,25
DA:41,25
DA:49,184
DA:50,24
DA:52,24
DA:54,24
DA:56,24
DA:57,4
DA:59,20
DA:62,24
DA:64,24
DA:72,184
DA:73,24
DA:75,24
DA:77,24
DA:79,24
DA:80,4
DA:82,20
DA:85,24
DA:87,24
DA:95,184
DA:96,22
DA:98,22
DA:99,22
DA:100,22
DA:102,22
DA:104,22
DA:105,1
DA:107,21
DA:110,22
DA:112,22
DA:120,184
DA:121,24
DA:123,24
DA:125,24
DA:127,24
DA:128,4
DA:130,20
DA:133,24
DA:135,24
DA:143,184
DA:144,25
DA:146,25
DA:148,25
DA:150,25
DA:151,5
DA:153,20
DA:156,25
DA:158,25
DA:166,184
DA:167,148
DA:169,148
DA:170,148
DA:171,148
DA:172,148
DA:173,148
DA:174,148
DA:175,148
DA:176,148
DA:177,148
DA:189,148
DA:191,148
DA:193,148
DA:201,184
DA:202,4
DA:204,4
DA:207,4
DA:211,4
DA:212,4
DA:213,4
DA:214,4
DA:215,4
DA:216,4
DA:217,4
DA:219,4
DA:220,4
DA:221,4
DA:222,4
DA:223,4
DA:224,4
DA:225,4
DA:227,4
DA:232,184
LF:104
LH:104
BRDA:33,0,0,5
BRDA:33,0,1,20
BRDA:56,1,0,4
BRDA:56,1,1,20
BRDA:79,2,0,4
BRDA:79,2,1,20
BRDA:104,3,0,1
BRDA:104,3,1,21
BRDA:127,4,0,4
BRDA:127,4,1,20
BRDA:146,5,0,25
BRDA:146,5,1,20
BRDA:150,6,0,5
BRDA:150,6,1,20
BRDA:177,7,0,148
BRDA:177,7,1,35
BRDA:189,8,0,148
BRDA:189,8,1,89
BRDA:189,8,2,67
BRDA:189,8,3,29
BRDA:189,8,4,26
BRDA:189,8,5,24
BRDA:237,9,0,184
BRDA:237,9,1,5
BRDA:242,10,0,184
BRDA:242,10,1,4
BRDA:247,11,0,184
BRDA:247,11,1,4
BRDA:252,12,0,184
BRDA:252,12,1,1
BRDA:257,13,0,184
BRDA:257,13,1,4
BRDA:262,14,0,184
BRDA:262,14,1,5
BRDA:264,15,0,18
BRDA:264,15,1,166
BRF:36
BRH:36
end_of_record
